2020-08-04 13:46:07,909 - Failed to load driver class com.mysql.cj.jdbc.Driver from HikariConfig class classloader sun.misc.Launcher$AppClassLoader@18b4aac2
2020-08-04 13:46:07,956 - 

***************************
APPLICATION FAILED TO START
***************************

Description:

Failed to bind properties under 'spring.datasource.db1' to javax.sql.DataSource:

    Property: spring.datasource.db1.driver-class-name
    Value: com.mysql.cj.jdbc.Driver
    Origin: class path resource [application.yml]:4:26
    Reason: Failed to load driver class com.mysql.cj.jdbc.Driver in either of HikariConfig class loader or Thread context classloader

Action:

Update your application's configuration

2020-08-04 13:48:55,112 - 错误了
2020-08-04 13:55:56,613 - 错误了
2020-08-04 13:58:01,256 - 错误了
2020-08-04 13:59:49,731 - 错误了
2020-08-04 14:02:00,585 - 错误了22
2020-08-04 14:02:00,710 - 错误了11
2020-08-04 14:08:50,245 - 错误了22
2020-08-04 14:08:50,336 - 错误了11
2020-08-04 14:18:15,110 - 错误了22
2020-08-04 14:18:15,338 - Application run failed
java.lang.IllegalStateException: Failed to execute CommandLineRunner
	at org.springframework.boot.SpringApplication.callRunner(SpringApplication.java:816)
	at org.springframework.boot.SpringApplication.callRunners(SpringApplication.java:797)
	at org.springframework.boot.SpringApplication.run(SpringApplication.java:324)
	at com.iflytek.springboot.StartApp.main(StartApp.java:19)
Caused by: org.springframework.jdbc.BadSqlGrammarException: 
### Error querying database.  Cause: java.sql.SQLSyntaxErrorException: Table 'tp_manage.group' doesn't exist
### The error may exist in file [D:\data\idea\common-project\springboot-dynamicdatasource-znzk\target\classes\mapper\GroupMapper.xml]
### The error may involve defaultParameterMap
### The error occurred while setting parameters
### SQL: SELECT count(0) FROM `group`
### Cause: java.sql.SQLSyntaxErrorException: Table 'tp_manage.group' doesn't exist
; bad SQL grammar []; nested exception is java.sql.SQLSyntaxErrorException: Table 'tp_manage.group' doesn't exist
	at org.springframework.jdbc.support.SQLErrorCodeSQLExceptionTranslator.doTranslate(SQLErrorCodeSQLExceptionTranslator.java:234)
	at org.springframework.jdbc.support.AbstractFallbackSQLExceptionTranslator.translate(AbstractFallbackSQLExceptionTranslator.java:72)
	at org.mybatis.spring.MyBatisExceptionTranslator.translateExceptionIfPossible(MyBatisExceptionTranslator.java:73)
	at org.mybatis.spring.SqlSessionTemplate$SqlSessionInterceptor.invoke(SqlSessionTemplate.java:446)
	at com.sun.proxy.$Proxy79.selectList(Unknown Source)
	at org.mybatis.spring.SqlSessionTemplate.selectList(SqlSessionTemplate.java:230)
	at org.apache.ibatis.binding.MapperMethod.executeForMany(MapperMethod.java:139)
	at org.apache.ibatis.binding.MapperMethod.execute(MapperMethod.java:76)
	at org.apache.ibatis.binding.MapperProxy.invoke(MapperProxy.java:59)
	at com.sun.proxy.$Proxy80.selectGroup(Unknown Source)
	at sun.reflect.NativeMethodAccessorImpl.invoke0(Native Method)
	at sun.reflect.NativeMethodAccessorImpl.invoke(NativeMethodAccessorImpl.java:62)
	at sun.reflect.DelegatingMethodAccessorImpl.invoke(DelegatingMethodAccessorImpl.java:43)
	at java.lang.reflect.Method.invoke(Method.java:498)
	at org.springframework.aop.support.AopUtils.invokeJoinpointUsingReflection(AopUtils.java:343)
	at org.springframework.aop.framework.ReflectiveMethodInvocation.invokeJoinpoint(ReflectiveMethodInvocation.java:198)
	at org.springframework.aop.framework.ReflectiveMethodInvocation.proceed(ReflectiveMethodInvocation.java:163)
	at org.springframework.dao.support.PersistenceExceptionTranslationInterceptor.invoke(PersistenceExceptionTranslationInterceptor.java:139)
	at org.springframework.aop.framework.ReflectiveMethodInvocation.proceed(ReflectiveMethodInvocation.java:186)
	at org.springframework.aop.framework.JdkDynamicAopProxy.invoke(JdkDynamicAopProxy.java:212)
	at com.sun.proxy.$Proxy82.selectGroup(Unknown Source)
	at com.iflytek.springboot.service.UserService.getUser1(UserService.java:24)
	at com.iflytek.springboot.service.UserService$$FastClassBySpringCGLIB$$2d0ff6ed.invoke(<generated>)
	at org.springframework.cglib.proxy.MethodProxy.invoke(MethodProxy.java:218)
	at org.springframework.aop.framework.CglibAopProxy$CglibMethodInvocation.invokeJoinpoint(CglibAopProxy.java:749)
	at org.springframework.aop.framework.ReflectiveMethodInvocation.proceed(ReflectiveMethodInvocation.java:163)
	at org.springframework.aop.framework.adapter.MethodBeforeAdviceInterceptor.invoke(MethodBeforeAdviceInterceptor.java:56)
	at org.springframework.aop.framework.ReflectiveMethodInvocation.proceed(ReflectiveMethodInvocation.java:175)
	at org.springframework.aop.aspectj.AspectJAfterAdvice.invoke(AspectJAfterAdvice.java:47)
	at org.springframework.aop.framework.ReflectiveMethodInvocation.proceed(ReflectiveMethodInvocation.java:175)
	at org.springframework.aop.interceptor.ExposeInvocationInterceptor.invoke(ExposeInvocationInterceptor.java:93)
	at org.springframework.aop.framework.ReflectiveMethodInvocation.proceed(ReflectiveMethodInvocation.java:186)
	at org.springframework.aop.framework.CglibAopProxy$DynamicAdvisedInterceptor.intercept(CglibAopProxy.java:688)
	at com.iflytek.springboot.service.UserService$$EnhancerBySpringCGLIB$$68e9bb6e.getUser1(<generated>)
	at com.iflytek.springboot.StartApp.run(StartApp.java:26)
	at org.springframework.boot.SpringApplication.callRunner(SpringApplication.java:813)
	... 3 common frames omitted
Caused by: java.sql.SQLSyntaxErrorException: Table 'tp_manage.group' doesn't exist
	at com.mysql.cj.jdbc.exceptions.SQLError.createSQLException(SQLError.java:120)
	at com.mysql.cj.jdbc.exceptions.SQLError.createSQLException(SQLError.java:97)
	at com.mysql.cj.jdbc.exceptions.SQLExceptionsMapping.translateException(SQLExceptionsMapping.java:122)
	at com.mysql.cj.jdbc.ClientPreparedStatement.executeInternal(ClientPreparedStatement.java:970)
	at com.mysql.cj.jdbc.ClientPreparedStatement.execute(ClientPreparedStatement.java:387)
	at com.zaxxer.hikari.pool.ProxyPreparedStatement.execute(ProxyPreparedStatement.java:44)
	at com.zaxxer.hikari.pool.HikariProxyPreparedStatement.execute(HikariProxyPreparedStatement.java)
	at sun.reflect.NativeMethodAccessorImpl.invoke0(Native Method)
	at sun.reflect.NativeMethodAccessorImpl.invoke(NativeMethodAccessorImpl.java:62)
	at sun.reflect.DelegatingMethodAccessorImpl.invoke(DelegatingMethodAccessorImpl.java:43)
	at java.lang.reflect.Method.invoke(Method.java:498)
	at org.apache.ibatis.logging.jdbc.PreparedStatementLogger.invoke(PreparedStatementLogger.java:59)
	at com.sun.proxy.$Proxy95.execute(Unknown Source)
	at org.apache.ibatis.executor.statement.PreparedStatementHandler.query(PreparedStatementHandler.java:63)
	at org.apache.ibatis.executor.statement.RoutingStatementHandler.query(RoutingStatementHandler.java:79)
	at org.apache.ibatis.executor.SimpleExecutor.doQuery(SimpleExecutor.java:63)
	at org.apache.ibatis.executor.BaseExecutor.queryFromDatabase(BaseExecutor.java:326)
	at org.apache.ibatis.executor.BaseExecutor.query(BaseExecutor.java:156)
	at org.apache.ibatis.executor.CachingExecutor.query(CachingExecutor.java:109)
	at com.github.pagehelper.PageInterceptor.executeAutoCount(PageInterceptor.java:201)
	at com.github.pagehelper.PageInterceptor.intercept(PageInterceptor.java:113)
	at org.apache.ibatis.plugin.Plugin.invoke(Plugin.java:61)
	at com.sun.proxy.$Proxy94.query(Unknown Source)
	at org.apache.ibatis.session.defaults.DefaultSqlSession.selectList(DefaultSqlSession.java:148)
	at org.apache.ibatis.session.defaults.DefaultSqlSession.selectList(DefaultSqlSession.java:141)
	at sun.reflect.NativeMethodAccessorImpl.invoke0(Native Method)
	at sun.reflect.NativeMethodAccessorImpl.invoke(NativeMethodAccessorImpl.java:62)
	at sun.reflect.DelegatingMethodAccessorImpl.invoke(DelegatingMethodAccessorImpl.java:43)
	at java.lang.reflect.Method.invoke(Method.java:498)
	at org.mybatis.spring.SqlSessionTemplate$SqlSessionInterceptor.invoke(SqlSessionTemplate.java:433)
	... 35 common frames omitted
2020-08-04 14:26:34,051 - 错误了22
2020-08-04 14:26:34,127 - 错误了11
2020-08-04 15:09:38,274 - 错误了22
2020-08-04 15:09:38,368 - 错误了11
2020-08-04 16:34:16,633 - 错误了22
2020-08-04 16:34:16,721 - 错误了11
2020-08-04 19:46:54,722 - 错误了22
2020-08-04 19:46:54,949 - 错误了11
2020-08-04 19:51:14,094 - 错误了22
2020-08-04 19:51:14,272 - 错误了11
2020-08-04 19:51:40,302 - 错误了22
2020-08-04 19:51:40,484 - 错误了11
2020-08-04 19:53:20,927 - 错误了22
2020-08-04 19:53:21,107 - 错误了11
2020-08-04 19:53:39,592 - 错误了22
2020-08-04 19:53:39,776 - 错误了22
2020-08-04 19:53:39,817 - 错误了11
2020-08-04 20:00:48,650 - 错误了22
2020-08-04 20:00:48,874 - 错误了22
2020-08-04 20:00:48,919 - 错误了11
